<?xml version="1.0" encoding="UTF-8"?>
<testng-results skipped="0" failed="0" total="2" passed="2">
  <reporter-output>
  </reporter-output>
  <suite name="Suite" duration-ms="29" started-at="2022-02-02T13:26:16Z" finished-at="2022-02-02T13:26:16Z">
    <groups>
    </groups>
    <test name="Test" duration-ms="29" started-at="2022-02-02T13:26:16Z" finished-at="2022-02-02T13:26:16Z">
      <class name="com.renju.training.testng.CalcTest">
        <test-method status="PASS" signature="addTest()[pri:0, instance:com.renju.training.testng.CalcTest@7c703b]" name="addTest" duration-ms="12" started-at="2022-02-02T18:56:16Z" finished-at="2022-02-02T18:56:16Z">
          <reporter-output>
          </reporter-output>
        </test-method> <!-- addTest -->
        <test-method status="PASS" signature="subtractTest()[pri:0, instance:com.renju.training.testng.CalcTest@7c703b]" name="subtractTest" duration-ms="0" started-at="2022-02-02T18:56:16Z" finished-at="2022-02-02T18:56:16Z">
          <reporter-output>
          </reporter-output>
        </test-method> <!-- subtractTest -->
      </class> <!-- com.renju.training.testng.CalcTest -->
    </test> <!-- Test -->
  </suite> <!-- Suite -->
</testng-results>
