<?xml version="1.0" encoding="UTF-8"?>
<testng-results ignored="0" total="2" passed="2" failed="0" skipped="0">
  <reporter-output>
  </reporter-output>
  <suite started-at="2022-02-02T18:35:30 IST" name="Suite" finished-at="2022-02-02T18:35:30 IST" duration-ms="63">
    <groups>
    </groups>
    <test started-at="2022-02-02T18:35:30 IST" name="Test" finished-at="2022-02-02T18:35:30 IST" duration-ms="63">
      <class name="com.renju.training.testng.CalcTest">
        <test-method signature="addTest()[pri:0, instance:com.renju.training.testng.CalcTest@a3d8174]" started-at="2022-02-02T18:35:30 IST" name="addTest" finished-at="2022-02-02T18:35:30 IST" duration-ms="11" status="PASS">
          <reporter-output>
          </reporter-output>
        </test-method> <!-- addTest -->
        <test-method signature="subtractTest()[pri:0, instance:com.renju.training.testng.CalcTest@a3d8174]" started-at="2022-02-02T18:35:30 IST" name="subtractTest" finished-at="2022-02-02T18:35:30 IST" duration-ms="1" status="PASS">
          <reporter-output>
          </reporter-output>
        </test-method> <!-- subtractTest -->
      </class> <!-- com.renju.training.testng.CalcTest -->
    </test> <!-- Test -->
  </suite> <!-- Suite -->
</testng-results>
